<?xml version="1.0" encoding="UTF-8"?>
<!-- Generated by org.testng.reporters.JUnitReportReporter -->
<testsuite hostname="321-ПК" name="ru.emoskva.selenium.Mysel1.TestNG" tests="1" failures="0" timestamp="21 Sep 2016 13:40:40 GMT" time="53.177" errors="0">
  <testcase name="main" time="53.177" classname="ru.emoskva.selenium.Mysel1.TestNG"/>
</testsuite> <!-- ru.emoskva.selenium.Mysel1.TestNG -->
